<?xml version="1.0" encoding="UTF-8"?>
<testsuite xmlns:xsi="http://www.w3.org/2001/XMLSchema-instance" xsi:noNamespaceSchemaLocation="https://maven.apache.org/surefire/maven-surefire-plugin/xsd/surefire-test-report.xsd" name="com.zendesk.zcc.service.ZendeskApiServiceTest" time="8.595" tests="12" errors="0" skipped="0" failures="0">
  <properties>
[...]
</properties>
  <testcase name="itShouldReturnPageNumberFromUrl" classname="com.zendesk.zcc.service.ZendeskApiServiceTest" time="0.443"/>
  <testcase name="itShouldReturnAllTickets" classname="com.zendesk.zcc.service.ZendeskApiServiceTest" time="1.129"/>
  <testcase name="itShouldReturnZeroWhenInvalidUrlPassed" classname="com.zendesk.zcc.service.ZendeskApiServiceTest" time="0.005"/>
  <testcase name="itShouldThrowAppExceptionForInvalidCredentials" classname="com.zendesk.zcc.service.ZendeskApiServiceTest" time="0.142"/>
  <testcase name="itShouldTransformJsonNodeToTicketObject" classname="com.zendesk.zcc.service.ZendeskApiServiceTest" time="0.008"/>
  <testcase name="itShouldReturnOnlyOneTicketInformation" classname="com.zendesk.zcc.service.ZendeskApiServiceTest" time="0.993"/>
  <testcase name="itShouldReturnHttpHeaderEncodedAuth" classname="com.zendesk.zcc.service.ZendeskApiServiceTest" time="0.005"/>
  <testcase name="itShouldReturnEmptyTicketListForInvalidPage" classname="com.zendesk.zcc.service.ZendeskApiServiceTest" time="0.604"/>
  <testcase name="itShouldThrowAppExceptionWhenTicketIdDoesNotExistsOrInvalid" classname="com.zendesk.zcc.service.ZendeskApiServiceTest" time="1.226"/>
  <testcase name="itShouldReturnViewModelMessageOfAppExceptionForAppExceptionParameter" classname="com.zendesk.zcc.service.ZendeskApiServiceTest" time="0.005"/>
  <testcase name="itShouldReturnProperPaginationText" classname="com.zendesk.zcc.service.ZendeskApiServiceTest" time="0.005"/>
  <testcase name="itShouldReturnViewModelGenericMessageForOtherException" classname="com.zendesk.zcc.service.ZendeskApiServiceTest" time="0.005"/>
</testsuite>